File C:\Users\Aniket\Envs\inhouse\lib\site-packages\rest_framework\locale\az\LC_MESSAGES\django.mo first seen with mtime 1619966737.426144
File C:\Users\Aniket\Envs\inhouse\lib\site-packages\rest_framework\locale\be\LC_MESSAGES\django.mo first seen with mtime 1619966737.426144
File C:\Users\Aniket\Envs\inhouse\lib\site-packages\rest_framework\locale\be\LC_MESSAGES\django.mo first seen with mtime 1619966737.426144
File C:\Users\Aniket\Envs\inhouse\lib\site-packages\rest_framework\locale\bg\LC_MESSAGES\django.mo first seen with mtime 1619966737.426144
File C:\Users\Aniket\Envs\inhouse\lib\site-packages\rest_framework\locale\bg\LC_MESSAGES\django.mo first seen with mtime 1619966737.426144
File C:\Users\Aniket\Envs\inhouse\lib\site-packages\rest_framework\locale\ca\LC_MESSAGES\django.mo first seen with mtime 1619966737.426144
File C:\Users\Aniket\Envs\inhouse\lib\site-packages\rest_framework\locale\ca\LC_MESSAGES\django.mo first seen with mtime 1619966737.426144
File C:\Users\Aniket\Envs\inhouse\lib\site-packages\rest_framework\locale\ca_ES\LC_MESSAGES\django.mo first seen with mtime 1619966737.426144
File C:\Users\Aniket\Envs\inhouse\lib\site-packages\rest_framework\locale\ca_ES\LC_MESSAGES\django.mo first seen with mtime 1619966737.426144
File C:\Users\Aniket\Envs\inhouse\lib\site-packages\rest_framework\locale\cs\LC_MESSAGES\django.mo first seen with mtime 1619966737.426144
File C:\Users\Aniket\Envs\inhouse\lib\site-packages\rest_framework\locale\cs\LC_MESSAGES\django.mo first seen with mtime 1619966737.426144
File C:\Users\Aniket\Envs\inhouse\lib\site-packages\rest_framework\locale\da\LC_MESSAGES\django.mo first seen with mtime 1619966737.4417677
File C:\Users\Aniket\Envs\inhouse\lib\site-packages\rest_framework\locale\da\LC_MESSAGES\django.mo first seen with mtime 1619966737.4417677
File C:\Users\Aniket\Envs\inhouse\lib\site-packages\rest_framework\locale\de\LC_MESSAGES\django.mo first seen with mtime 1619966737.4417677
File C:\Users\Aniket\Envs\inhouse\lib\site-packages\rest_framework\locale\de\LC_MESSAGES\django.mo first seen with mtime 1619966737.4417677
File C:\Users\Aniket\Envs\inhouse\lib\site-packages\rest_framework\locale\el\LC_MESSAGES\django.mo first seen with mtime 1619966737.4417677
File C:\Users\Aniket\Envs\inhouse\lib\site-packages\rest_framework\locale\el\LC_MESSAGES\django.mo first seen with mtime 1619966737.4417677
File C:\Users\Aniket\Envs\inhouse\lib\site-packages\rest_framework\locale\el_GR\LC_MESSAGES\django.mo first seen with mtime 1619966737.4417677
File C:\Users\Aniket\Envs\inhouse\lib\site-packages\rest_framework\locale\el_GR\LC_MESSAGES\django.mo first seen with mtime 1619966737.4417677
File C:\Users\Aniket\Envs\inhouse\lib\site-packages\rest_framework\locale\en\LC_MESSAGES\django.mo first seen with mtime 1619966737.4417677
File C:\Users\Aniket\Envs\inhouse\lib\site-packages\rest_framework\locale\en\LC_MESSAGES\django.mo first seen with mtime 1619966737.4417677
File C:\Users\Aniket\Envs\inhouse\lib\site-packages\rest_framework\locale\en_AU\LC_MESSAGES\django.mo first seen with mtime 1619966737.4417677
File C:\Users\Aniket\Envs\inhouse\lib\site-packages\rest_framework\locale\en_AU\LC_MESSAGES\django.mo first seen with mtime 1619966737.4417677
File C:\Users\Aniket\Envs\inhouse\lib\site-packages\rest_framework\locale\en_CA\LC_MESSAGES\django.mo first seen with mtime 1619966737.4417677
File C:\Users\Aniket\Envs\inhouse\lib\site-packages\rest_framework\locale\en_CA\LC_MESSAGES\django.mo first seen with mtime 1619966737.4417677
File C:\Users\Aniket\Envs\inhouse\lib\site-packages\rest_framework\locale\en_US\LC_MESSAGES\django.mo first seen with mtime 1619966737.4573915
File C:\Users\Aniket\Envs\inhouse\lib\site-packages\rest_framework\locale\en_US\LC_MESSAGES\django.mo first seen with mtime 1619966737.4573915
File C:\Users\Aniket\Envs\inhouse\lib\site-packages\rest_framework\locale\es\LC_MESSAGES\django.mo first seen with mtime 1619966737.4573915
File C:\Users\Aniket\Envs\inhouse\lib\site-packages\rest_framework\locale\es\LC_MESSAGES\django.mo first seen with mtime 1619966737.4573915
File C:\Users\Aniket\Envs\inhouse\lib\site-packages\rest_framework\locale\et\LC_MESSAGES\django.mo first seen with mtime 1619966737.4573915
File C:\Users\Aniket\Envs\inhouse\lib\site-packages\rest_framework\locale\et\LC_MESSAGES\django.mo first seen with mtime 1619966737.4573915
File C:\Users\Aniket\Envs\inhouse\lib\site-packages\rest_framework\locale\fa\LC_MESSAGES\django.mo first seen with mtime 1619966737.4730155
File C:\Users\Aniket\Envs\inhouse\lib\site-packages\rest_framework\locale\fa\LC_MESSAGES\django.mo first seen with mtime 1619966737.4730155
File C:\Users\Aniket\Envs\inhouse\lib\site-packages\rest_framework\locale\fa_IR\LC_MESSAGES\django.mo first seen with mtime 1619966737.4730155
File C:\Users\Aniket\Envs\inhouse\lib\site-packages\rest_framework\locale\fa_IR\LC_MESSAGES\django.mo first seen with mtime 1619966737.4730155
File C:\Users\Aniket\Envs\inhouse\lib\site-packages\rest_framework\locale\fi\LC_MESSAGES\django.mo first seen with mtime 1619966737.4730155
File C:\Users\Aniket\Envs\inhouse\lib\site-packages\rest_framework\locale\fi\LC_MESSAGES\django.mo first seen with mtime 1619966737.4730155
File C:\Users\Aniket\Envs\inhouse\lib\site-packages\rest_framework\locale\fr\LC_MESSAGES\django.mo first seen with mtime 1619966737.4730155
File C:\Users\Aniket\Envs\inhouse\lib\site-packages\rest_framework\locale\fr\LC_MESSAGES\django.mo first seen with mtime 1619966737.4730155
File C:\Users\Aniket\Envs\inhouse\lib\site-packages\rest_framework\locale\fr_CA\LC_MESSAGES\django.mo first seen with mtime 1619966737.4730155
File C:\Users\Aniket\Envs\inhouse\lib\site-packages\rest_framework\locale\fr_CA\LC_MESSAGES\django.mo first seen with mtime 1619966737.4730155
File C:\Users\Aniket\Envs\inhouse\lib\site-packages\rest_framework\locale\gl\LC_MESSAGES\django.mo first seen with mtime 1619966737.4730155
File C:\Users\Aniket\Envs\inhouse\lib\site-packages\rest_framework\locale\gl\LC_MESSAGES\django.mo first seen with mtime 1619966737.4730155
File C:\Users\Aniket\Envs\inhouse\lib\site-packages\rest_framework\locale\gl_ES\LC_MESSAGES\django.mo first seen with mtime 1619966737.4730155
File C:\Users\Aniket\Envs\inhouse\lib\site-packages\rest_framework\locale\gl_ES\LC_MESSAGES\django.mo first seen with mtime 1619966737.4730155
File C:\Users\Aniket\Envs\inhouse\lib\site-packages\rest_framework\locale\he_IL\LC_MESSAGES\django.mo first seen with mtime 1619966737.4886396
File C:\Users\Aniket\Envs\inhouse\lib\site-packages\rest_framework\locale\he_IL\LC_MESSAGES\django.mo first seen with mtime 1619966737.4886396
File C:\Users\Aniket\Envs\inhouse\lib\site-packages\rest_framework\locale\hu\LC_MESSAGES\django.mo first seen with mtime 1619966737.4886396
File C:\Users\Aniket\Envs\inhouse\lib\site-packages\rest_framework\locale\hu\LC_MESSAGES\django.mo first seen with mtime 1619966737.4886396
File C:\Users\Aniket\Envs\inhouse\lib\site-packages\rest_framework\locale\hy\LC_MESSAGES\django.mo first seen with mtime 1619966737.4886396
File C:\Users\Aniket\Envs\inhouse\lib\site-packages\rest_framework\locale\hy\LC_MESSAGES\django.mo first seen with mtime 1619966737.4886396
File C:\Users\Aniket\Envs\inhouse\lib\site-packages\rest_framework\locale\id\LC_MESSAGES\django.mo first seen with mtime 1619966737.4886396
File C:\Users\Aniket\Envs\inhouse\lib\site-packages\rest_framework\locale\id\LC_MESSAGES\django.mo first seen with mtime 1619966737.4886396
File C:\Users\Aniket\Envs\inhouse\lib\site-packages\rest_framework\locale\it\LC_MESSAGES\django.mo first seen with mtime 1619966737.4886396
File C:\Users\Aniket\Envs\inhouse\lib\site-packages\rest_framework\locale\it\LC_MESSAGES\django.mo first seen with mtime 1619966737.4886396
File C:\Users\Aniket\Envs\inhouse\lib\site-packages\rest_framework\locale\ja\LC_MESSAGES\django.mo first seen with mtime 1619966737.4886396
File C:\Users\Aniket\Envs\inhouse\lib\site-packages\rest_framework\locale\ja\LC_MESSAGES\django.mo first seen with mtime 1619966737.4886396
File C:\Users\Aniket\Envs\inhouse\lib\site-packages\rest_framework\locale\ko_KR\LC_MESSAGES\django.mo first seen with mtime 1619966737.4886396
File C:\Users\Aniket\Envs\inhouse\lib\site-packages\rest_framework\locale\ko_KR\LC_MESSAGES\django.mo first seen with mtime 1619966737.4886396
File C:\Users\Aniket\Envs\inhouse\lib\site-packages\rest_framework\locale\lt\LC_MESSAGES\django.mo first seen with mtime 1619966737.4886396
File C:\Users\Aniket\Envs\inhouse\lib\site-packages\rest_framework\locale\lt\LC_MESSAGES\django.mo first seen with mtime 1619966737.4886396
File C:\Users\Aniket\Envs\inhouse\lib\site-packages\rest_framework\locale\lv\LC_MESSAGES\django.mo first seen with mtime 1619966737.5042627
File C:\Users\Aniket\Envs\inhouse\lib\site-packages\rest_framework\locale\lv\LC_MESSAGES\django.mo first seen with mtime 1619966737.5042627
File C:\Users\Aniket\Envs\inhouse\lib\site-packages\rest_framework\locale\mk\LC_MESSAGES\django.mo first seen with mtime 1619966737.5042627
File C:\Users\Aniket\Envs\inhouse\lib\site-packages\rest_framework\locale\mk\LC_MESSAGES\django.mo first seen with mtime 1619966737.5042627
File C:\Users\Aniket\Envs\inhouse\lib\site-packages\rest_framework\locale\nb\LC_MESSAGES\django.mo first seen with mtime 1619966737.5042627
File C:\Users\Aniket\Envs\inhouse\lib\site-packages\rest_framework\locale\nb\LC_MESSAGES\django.mo first seen with mtime 1619966737.5042627
File C:\Users\Aniket\Envs\inhouse\lib\site-packages\rest_framework\locale\ne_NP\LC_MESSAGES\django.mo first seen with mtime 1619966737.5042627
File C:\Users\Aniket\Envs\inhouse\lib\site-packages\rest_framework\locale\ne_NP\LC_MESSAGES\django.mo first seen with mtime 1619966737.5042627
File C:\Users\Aniket\Envs\inhouse\lib\site-packages\rest_framework\locale\nl\LC_MESSAGES\django.mo first seen with mtime 1619966737.5042627
File C:\Users\Aniket\Envs\inhouse\lib\site-packages\rest_framework\locale\nl\LC_MESSAGES\django.mo first seen with mtime 1619966737.5042627
File C:\Users\Aniket\Envs\inhouse\lib\site-packages\rest_framework\locale\nn\LC_MESSAGES\django.mo first seen with mtime 1619966737.5042627
File C:\Users\Aniket\Envs\inhouse\lib\site-packages\rest_framework\locale\nn\LC_MESSAGES\django.mo first seen with mtime 1619966737.5042627
File C:\Users\Aniket\Envs\inhouse\lib\site-packages\rest_framework\locale\no\LC_MESSAGES\django.mo first seen with mtime 1619966737.5042627
File C:\Users\Aniket\Envs\inhouse\lib\site-packages\rest_framework\locale\no\LC_MESSAGES\django.mo first seen with mtime 1619966737.5042627
File C:\Users\Aniket\Envs\inhouse\lib\site-packages\rest_framework\locale\pl\LC_MESSAGES\django.mo first seen with mtime 1619966737.5198865
File C:\Users\Aniket\Envs\inhouse\lib\site-packages\rest_framework\locale\pl\LC_MESSAGES\django.mo first seen with mtime 1619966737.5198865
File C:\Users\Aniket\Envs\inhouse\lib\site-packages\rest_framework\locale\pt\LC_MESSAGES\django.mo first seen with mtime 1619966737.5198865
File C:\Users\Aniket\Envs\inhouse\lib\site-packages\rest_framework\locale\pt\LC_MESSAGES\django.mo first seen with mtime 1619966737.5198865
File C:\Users\Aniket\Envs\inhouse\lib\site-packages\rest_framework\locale\pt_BR\LC_MESSAGES\django.mo first seen with mtime 1619966737.5198865
File C:\Users\Aniket\Envs\inhouse\lib\site-packages\rest_framework\locale\pt_BR\LC_MESSAGES\django.mo first seen with mtime 1619966737.5198865
File C:\Users\Aniket\Envs\inhouse\lib\site-packages\rest_framework\locale\pt_PT\LC_MESSAGES\django.mo first seen with mtime 1619966737.5198865
File C:\Users\Aniket\Envs\inhouse\lib\site-packages\rest_framework\locale\pt_PT\LC_MESSAGES\django.mo first seen with mtime 1619966737.5198865
File C:\Users\Aniket\Envs\inhouse\lib\site-packages\rest_framework\locale\ro\LC_MESSAGES\django.mo first seen with mtime 1619966737.5198865
File C:\Users\Aniket\Envs\inhouse\lib\site-packages\rest_framework\locale\ro\LC_MESSAGES\django.mo first seen with mtime 1619966737.5198865
File C:\Users\Aniket\Envs\inhouse\lib\site-packages\rest_framework\locale\ru\LC_MESSAGES\django.mo first seen with mtime 1619966737.5198865
File C:\Users\Aniket\Envs\inhouse\lib\site-packages\rest_framework\locale\ru\LC_MESSAGES\django.mo first seen with mtime 1619966737.5198865
File C:\Users\Aniket\Envs\inhouse\lib\site-packages\rest_framework\locale\ru_RU\LC_MESSAGES\django.mo first seen with mtime 1619966737.5198865
File C:\Users\Aniket\Envs\inhouse\lib\site-packages\rest_framework\locale\ru_RU\LC_MESSAGES\django.mo first seen with mtime 1619966737.5198865
File C:\Users\Aniket\Envs\inhouse\lib\site-packages\rest_framework\locale\sk\LC_MESSAGES\django.mo first seen with mtime 1619966737.5355122
File C:\Users\Aniket\Envs\inhouse\lib\site-packages\rest_framework\locale\sk\LC_MESSAGES\django.mo first seen with mtime 1619966737.5355122
File C:\Users\Aniket\Envs\inhouse\lib\site-packages\rest_framework\locale\sl\LC_MESSAGES\django.mo first seen with mtime 1619966737.5355122
File C:\Users\Aniket\Envs\inhouse\lib\site-packages\rest_framework\locale\sl\LC_MESSAGES\django.mo first seen with mtime 1619966737.5355122
File C:\Users\Aniket\Envs\inhouse\lib\site-packages\rest_framework\locale\sv\LC_MESSAGES\django.mo first seen with mtime 1619966737.5355122
File C:\Users\Aniket\Envs\inhouse\lib\site-packages\rest_framework\locale\sv\LC_MESSAGES\django.mo first seen with mtime 1619966737.5355122
File C:\Users\Aniket\Envs\inhouse\lib\site-packages\rest_framework\locale\th\LC_MESSAGES\django.mo first seen with mtime 1619966737.5355122
File C:\Users\Aniket\Envs\inhouse\lib\site-packages\rest_framework\locale\th\LC_MESSAGES\django.mo first seen with mtime 1619966737.5355122
File C:\Users\Aniket\Envs\inhouse\lib\site-packages\rest_framework\locale\tr\LC_MESSAGES\django.mo first seen with mtime 1619966737.5355122
File C:\Users\Aniket\Envs\inhouse\lib\site-packages\rest_framework\locale\tr\LC_MESSAGES\django.mo first seen with mtime 1619966737.5355122
File C:\Users\Aniket\Envs\inhouse\lib\site-packages\rest_framework\locale\tr_TR\LC_MESSAGES\django.mo first seen with mtime 1619966737.5355122
File C:\Users\Aniket\Envs\inhouse\lib\site-packages\rest_framework\locale\tr_TR\LC_MESSAGES\django.mo first seen with mtime 1619966737.5355122
File C:\Users\Aniket\Envs\inhouse\lib\site-packages\rest_framework\locale\uk\LC_MESSAGES\django.mo first seen with mtime 1619966737.5355122
File C:\Users\Aniket\Envs\inhouse\lib\site-packages\rest_framework\locale\uk\LC_MESSAGES\django.mo first seen with mtime 1619966737.5355122
File C:\Users\Aniket\Envs\inhouse\lib\site-packages\rest_framework\locale\vi\LC_MESSAGES\django.mo first seen with mtime 1619966737.5355122
File C:\Users\Aniket\Envs\inhouse\lib\site-packages\rest_framework\locale\vi\LC_MESSAGES\django.mo first seen with mtime 1619966737.5355122
File C:\Users\Aniket\Envs\inhouse\lib\site-packages\rest_framework\locale\zh_CN\LC_MESSAGES\django.mo first seen with mtime 1619966737.5511348
File C:\Users\Aniket\Envs\inhouse\lib\site-packages\rest_framework\locale\zh_CN\LC_MESSAGES\django.mo first seen with mtime 1619966737.5511348
File C:\Users\Aniket\Envs\inhouse\lib\site-packages\rest_framework\locale\zh_Hans\LC_MESSAGES\django.mo first seen with mtime 1619966737.5511348
File C:\Users\Aniket\Envs\inhouse\lib\site-packages\rest_framework\locale\zh_Hans\LC_MESSAGES\django.mo first seen with mtime 1619966737.5511348
File C:\Users\Aniket\Envs\inhouse\lib\site-packages\rest_framework\locale\zh_Hant\LC_MESSAGES\django.mo first seen with mtime 1619966737.5511348
File C:\Users\Aniket\Envs\inhouse\lib\site-packages\rest_framework\locale\zh_Hant\LC_MESSAGES\django.mo first seen with mtime 1619966737.5511348
File C:\Users\Aniket\Envs\inhouse\lib\site-packages\rest_framework\locale\zh_TW\LC_MESSAGES\django.mo first seen with mtime 1619966737.5511348
File C:\Users\Aniket\Envs\inhouse\lib\site-packages\rest_framework\locale\zh_TW\LC_MESSAGES\django.mo first seen with mtime 1619966737.5511348
File D:\Important Data\inhouse\academics\migrations\0017_assignment_deadline.py first seen with mtime 1622382385.9788141
File D:\Important Data\inhouse\academics\migrations\0017_assignment_deadline.py first seen with mtime 1622382385.9788141
File D:\Important Data\inhouse\academics\migrations\0022_alter_assignmentsubmission_grade.py first seen with mtime 1623816428.2927132
File D:\Important Data\inhouse\academics\migrations\0022_alter_assignmentsubmission_grade.py first seen with mtime 1623816428.2927132
File C:\Users\Aniket\Envs\inhouse\Lib\site-packages\django\contrib\sessions\migrations\__init__.py first seen with mtime 1620106886.806288
File C:\Users\Aniket\Envs\inhouse\Lib\site-packages\django\contrib\sessions\migrations\__init__.py first seen with mtime 1620106886.806288
File D:\Important Data\inhouse\academics\migrations\0019_quizinfo_duration.py first seen with mtime 1623562122.8218272
File D:\Important Data\inhouse\academics\migrations\0019_quizinfo_duration.py first seen with mtime 1623562122.8218272
File C:\Users\Aniket\Envs\inhouse\Lib\site-packages\django\contrib\admin\migrations\0002_logentry_remove_auto_add.py first seen with mtime 1620106879.2331734
File C:\Users\Aniket\Envs\inhouse\Lib\site-packages\django\contrib\admin\migrations\0002_logentry_remove_auto_add.py first seen with mtime 1620106879.2331734
File C:\Users\Aniket\Envs\inhouse\Lib\site-packages\rest_framework\authtoken\migrations\__init__.py first seen with mtime 1619966737.4105182
File C:\Users\Aniket\Envs\inhouse\Lib\site-packages\rest_framework\authtoken\migrations\__init__.py first seen with mtime 1619966737.4105182
File C:\Users\Aniket\Envs\inhouse\Lib\site-packages\django\contrib\auth\migrations\0010_alter_group_name_max_length.py first seen with mtime 1620106880.6942568
File C:\Users\Aniket\Envs\inhouse\Lib\site-packages\django\contrib\auth\migrations\0010_alter_group_name_max_length.py first seen with mtime 1620106880.6942568
File D:\Important Data\inhouse\academics\migrations\0014_rename_duration_program_totalsemester.py first seen with mtime 1622099511.8239365
File D:\Important Data\inhouse\academics\migrations\0014_rename_duration_program_totalsemester.py first seen with mtime 1622099511.8239365
File C:\Users\Aniket\Envs\inhouse\Lib\site-packages\rest_framework\authtoken\migrations\0002_auto_20160226_1747.py first seen with mtime 1619966737.4105182
File C:\Users\Aniket\Envs\inhouse\Lib\site-packages\rest_framework\authtoken\migrations\0002_auto_20160226_1747.py first seen with mtime 1619966737.4105182
File D:\Important Data\inhouse\academics\migrations\0007_auto_20210504_1853.py first seen with mtime 1622014295.3921359
File D:\Important Data\inhouse\academics\migrations\0007_auto_20210504_1853.py first seen with mtime 1622014295.3921359
File C:\Users\Aniket\Envs\inhouse\Lib\site-packages\django\db\migrations\graph.py first seen with mtime 1620106887.8183475
File C:\Users\Aniket\Envs\inhouse\Lib\site-packages\django\db\migrations\graph.py first seen with mtime 1620106887.8183475
File D:\Important Data\inhouse\academics\migrations\0005_auto_20210504_1850.py first seen with mtime 1622014295.3921359
File D:\Important Data\inhouse\academics\migrations\0005_auto_20210504_1850.py first seen with mtime 1622014295.3921359
File C:\Users\Aniket\Envs\inhouse\Lib\site-packages\django\contrib\sessions\migrations\0001_initial.py first seen with mtime 1620106886.805287
File C:\Users\Aniket\Envs\inhouse\Lib\site-packages\django\contrib\sessions\migrations\0001_initial.py first seen with mtime 1620106886.805287
File D:\Important Data\inhouse\api\migrations\__init__.py first seen with mtime 1622014295.4077604
File D:\Important Data\inhouse\api\migrations\__init__.py first seen with mtime 1622014295.4077604
File C:\Users\Aniket\Envs\inhouse\Lib\site-packages\django\contrib\contenttypes\migrations\0002_remove_content_type_name.py first seen with mtime 1620106881.243729
File C:\Users\Aniket\Envs\inhouse\Lib\site-packages\django\contrib\contenttypes\migrations\0002_remove_content_type_name.py first seen with mtime 1620106881.243729
File C:\Users\Aniket\Envs\inhouse\Lib\site-packages\django\contrib\admin\migrations\__init__.py first seen with mtime 1620106879.2331734
File C:\Users\Aniket\Envs\inhouse\Lib\site-packages\django\contrib\admin\migrations\__init__.py first seen with mtime 1620106879.2331734
File C:\Users\Aniket\Envs\inhouse\Lib\site-packages\django\contrib\auth\migrations\0002_alter_permission_name_max_length.py first seen with mtime 1620106880.676273
File C:\Users\Aniket\Envs\inhouse\Lib\site-packages\django\contrib\auth\migrations\0002_alter_permission_name_max_length.py first seen with mtime 1620106880.676273
File C:\Users\Aniket\Envs\inhouse\Lib\site-packages\rest_framework\authtoken\migrations\0001_initial.py first seen with mtime 1619966737.4105182
File C:\Users\Aniket\Envs\inhouse\Lib\site-packages\rest_framework\authtoken\migrations\0001_initial.py first seen with mtime 1619966737.4105182
File C:\Users\Aniket\Envs\inhouse\Lib\site-packages\django\middleware\clickjacking.py first seen with mtime 1620106888.449651
File C:\Users\Aniket\Envs\inhouse\Lib\site-packages\django\middleware\clickjacking.py first seen with mtime 1620106888.449651
File D:\Important Data\inhouse\academics\migrations\0011_auto_20210526_1332.py first seen with mtime 1622016126.9810085
File D:\Important Data\inhouse\academics\migrations\0011_auto_20210526_1332.py first seen with mtime 1622016126.9810085
File C:\Users\Aniket\Envs\inhouse\Lib\site-packages\django\views\csrf.py first seen with mtime 1620106888.7977383
File C:\Users\Aniket\Envs\inhouse\Lib\site-packages\django\views\csrf.py first seen with mtime 1620106888.7977383
File D:\Important Data\inhouse\academics\migrations\0002_auto_20210504_1834.py first seen with mtime 1622014295.3921359
File D:\Important Data\inhouse\academics\migrations\0002_auto_20210504_1834.py first seen with mtime 1622014295.3921359
File D:\Important Data\inhouse\academics\migrations\0009_auto_20210504_2029.py first seen with mtime 1622014295.3921359
File D:\Important Data\inhouse\academics\migrations\0009_auto_20210504_2029.py first seen with mtime 1622014295.3921359
File C:\Users\Aniket\Envs\inhouse\Lib\site-packages\django\contrib\admin\migrations\0001_initial.py first seen with mtime 1620106879.2331734
File C:\Users\Aniket\Envs\inhouse\Lib\site-packages\django\contrib\admin\migrations\0001_initial.py first seen with mtime 1620106879.2331734
File C:\Users\Aniket\Envs\inhouse\Lib\site-packages\django\contrib\contenttypes\migrations\__init__.py first seen with mtime 1620106881.2447278
File C:\Users\Aniket\Envs\inhouse\Lib\site-packages\django\contrib\contenttypes\migrations\__init__.py first seen with mtime 1620106881.2447278
File D:\Important Data\inhouse\academics\migrations\__init__.py first seen with mtime 1622014295.3921359
File D:\Important Data\inhouse\academics\migrations\__init__.py first seen with mtime 1622014295.3921359
File D:\Important Data\inhouse\academics\migrations\0025_auto_20210616_1317.py first seen with mtime 1623829634.9864771
File D:\Important Data\inhouse\academics\migrations\0025_auto_20210616_1317.py first seen with mtime 1623829634.9864771
File D:\Important Data\inhouse\academics\migrations\0026_auto_20210618_2024.py first seen with mtime 1624028075.4960265
File D:\Important Data\inhouse\academics\migrations\0026_auto_20210618_2024.py first seen with mtime 1624028075.4960265
File C:\Users\Aniket\AppData\Local\Programs\Python\Python38\Lib\encodings\idna.py first seen with mtime 1608554218.0
File C:\Users\Aniket\AppData\Local\Programs\Python\Python38\Lib\encodings\idna.py first seen with mtime 1608554218.0
File D:\Important Data\inhouse\academics\migrations\0004_auto_20210504_1848.py first seen with mtime 1622014295.3921359
File D:\Important Data\inhouse\academics\migrations\0004_auto_20210504_1848.py first seen with mtime 1622014295.3921359
File C:\Users\Aniket\Envs\inhouse\Lib\site-packages\django\contrib\contenttypes\migrations\0001_initial.py first seen with mtime 1620106881.2427294
File C:\Users\Aniket\Envs\inhouse\Lib\site-packages\django\contrib\contenttypes\migrations\0001_initial.py first seen with mtime 1620106881.2427294
File D:\Important Data\inhouse\academics\migrations\0015_quizquestions_questiontype.py first seen with mtime 1622109484.0147448
File D:\Important Data\inhouse\academics\migrations\0015_quizquestions_questiontype.py first seen with mtime 1622109484.0147448
File C:\Users\Aniket\Envs\inhouse\Lib\site-packages\django\contrib\auth\migrations\0006_require_contenttypes_0002.py first seen with mtime 1620106880.6852636
File C:\Users\Aniket\Envs\inhouse\Lib\site-packages\django\contrib\auth\migrations\0006_require_contenttypes_0002.py first seen with mtime 1620106880.6852636
File D:\Important Data\inhouse\academics\migrations\0001_initial.py first seen with mtime 1622014295.3921359
File D:\Important Data\inhouse\academics\migrations\0001_initial.py first seen with mtime 1622014295.3921359
File C:\Users\Aniket\Envs\inhouse\Lib\site-packages\django\contrib\auth\migrations\__init__.py first seen with mtime 1620106880.7002542
File C:\Users\Aniket\Envs\inhouse\Lib\site-packages\django\contrib\auth\migrations\__init__.py first seen with mtime 1620106880.7002542
File C:\Users\Aniket\Envs\inhouse\Lib\site-packages\django\contrib\auth\migrations\0009_alter_user_last_name_max_length.py first seen with mtime 1620106880.6922588
File C:\Users\Aniket\Envs\inhouse\Lib\site-packages\django\contrib\auth\migrations\0009_alter_user_last_name_max_length.py first seen with mtime 1620106880.6922588
File D:\Important Data\inhouse\academics\migrations\0003_auto_20210504_1845.py first seen with mtime 1622014295.3921359
File D:\Important Data\inhouse\academics\migrations\0003_auto_20210504_1845.py first seen with mtime 1622014295.3921359
File C:\Users\Aniket\Envs\inhouse\Lib\site-packages\django\db\migrations\recorder.py first seen with mtime 1620106887.8253443
File C:\Users\Aniket\Envs\inhouse\Lib\site-packages\django\db\migrations\recorder.py first seen with mtime 1620106887.8253443
File D:\Important Data\inhouse\academics\migrations\0006_auto_20210504_1852.py first seen with mtime 1622014295.3921359
File D:\Important Data\inhouse\academics\migrations\0006_auto_20210504_1852.py first seen with mtime 1622014295.3921359
File C:\Users\Aniket\Envs\inhouse\Lib\site-packages\django\db\models\sql\compiler.py first seen with mtime 1620106888.1903706
File C:\Users\Aniket\Envs\inhouse\Lib\site-packages\django\db\models\sql\compiler.py first seen with mtime 1620106888.1903706
File D:\Important Data\inhouse\academics\migrations\0013_auto_20210527_1138.py first seen with mtime 1622095704.348521
File D:\Important Data\inhouse\academics\migrations\0013_auto_20210527_1138.py first seen with mtime 1622095704.348521
File D:\Important Data\inhouse\academics\migrations\0012_auto_20210527_1005.py first seen with mtime 1622090116.1469736
File D:\Important Data\inhouse\academics\migrations\0012_auto_20210527_1005.py first seen with mtime 1622090116.1469736
File C:\Users\Aniket\Envs\inhouse\Lib\site-packages\django\contrib\auth\migrations\0001_initial.py first seen with mtime 1620106880.6742692
File C:\Users\Aniket\Envs\inhouse\Lib\site-packages\django\contrib\auth\migrations\0001_initial.py first seen with mtime 1620106880.6742692
File D:\Important Data\inhouse\academics\migrations\0027_rename_subjects_weightage_subject.py first seen with mtime 1624028318.1646771
File D:\Important Data\inhouse\academics\migrations\0027_rename_subjects_weightage_subject.py first seen with mtime 1624028318.1646771
File C:\Users\Aniket\Envs\inhouse\Lib\site-packages\django\contrib\auth\migrations\0008_alter_user_username_max_length.py first seen with mtime 1620106880.6902595
File C:\Users\Aniket\Envs\inhouse\Lib\site-packages\django\contrib\auth\migrations\0008_alter_user_username_max_length.py first seen with mtime 1620106880.6902595
File C:\Users\Aniket\AppData\Local\Programs\Python\Python38\Lib\stringprep.py first seen with mtime 1608554218.0
File C:\Users\Aniket\AppData\Local\Programs\Python\Python38\Lib\stringprep.py first seen with mtime 1608554218.0
File C:\Users\Aniket\Envs\inhouse\Lib\site-packages\django\contrib\auth\migrations\0005_alter_user_last_login_null.py first seen with mtime 1620106880.6832638
File C:\Users\Aniket\Envs\inhouse\Lib\site-packages\django\contrib\auth\migrations\0005_alter_user_last_login_null.py first seen with mtime 1620106880.6832638
File D:\Important Data\inhouse\academics\migrations\0018_assignment_startingdate.py first seen with mtime 1622383264.5162325
File D:\Important Data\inhouse\academics\migrations\0018_assignment_startingdate.py first seen with mtime 1622383264.5162325
File D:\Important Data\inhouse\academics\migrations\0023_auto_20210616_1137.py first seen with mtime 1623823632.5970142
File D:\Important Data\inhouse\academics\migrations\0023_auto_20210616_1137.py first seen with mtime 1623823632.5970142
File C:\Users\Aniket\Envs\inhouse\Lib\site-packages\django\contrib\auth\migrations\0003_alter_user_email_max_length.py first seen with mtime 1620106880.678266
File C:\Users\Aniket\Envs\inhouse\Lib\site-packages\django\contrib\auth\migrations\0003_alter_user_email_max_length.py first seen with mtime 1620106880.678266
File C:\Users\Aniket\Envs\inhouse\Lib\site-packages\django\db\migrations\executor.py first seen with mtime 1620106887.816349
File C:\Users\Aniket\Envs\inhouse\Lib\site-packages\django\db\migrations\executor.py first seen with mtime 1620106887.816349
File C:\Users\Aniket\Envs\inhouse\Lib\site-packages\django\db\migrations\loader.py first seen with mtime 1620106887.8203473
File C:\Users\Aniket\Envs\inhouse\Lib\site-packages\django\db\migrations\loader.py first seen with mtime 1620106887.8203473
File D:\Important Data\inhouse\academics\migrations\0020_assignmentsubmission_grade.py first seen with mtime 1623775307.3190262
File D:\Important Data\inhouse\academics\migrations\0020_assignmentsubmission_grade.py first seen with mtime 1623775307.3190262
File D:\Important Data\inhouse\stu\wsgi.py first seen with mtime 1622014296.5354934
File D:\Important Data\inhouse\stu\wsgi.py first seen with mtime 1622014296.5354934
File C:\Users\Aniket\Envs\inhouse\Lib\site-packages\django\contrib\messages\middleware.py first seen with mtime 1620106884.4805107
File C:\Users\Aniket\Envs\inhouse\Lib\site-packages\django\contrib\messages\middleware.py first seen with mtime 1620106884.4805107
File C:\Users\Aniket\Envs\inhouse\Lib\site-packages\django\contrib\auth\migrations\0012_alter_user_first_name_max_length.py first seen with mtime 1620106880.698256
File C:\Users\Aniket\Envs\inhouse\Lib\site-packages\django\contrib\auth\migrations\0012_alter_user_first_name_max_length.py first seen with mtime 1620106880.698256
File C:\Users\Aniket\Envs\inhouse\Lib\site-packages\django\contrib\admin\migrations\0003_logentry_add_action_flag_choices.py first seen with mtime 1620106879.2331734
File C:\Users\Aniket\Envs\inhouse\Lib\site-packages\django\contrib\admin\migrations\0003_logentry_add_action_flag_choices.py first seen with mtime 1620106879.2331734
File D:\Important Data\inhouse\academics\migrations\0021_alter_assignmentsubmission_grade.py first seen with mtime 1623816352.5222309
File D:\Important Data\inhouse\academics\migrations\0021_alter_assignmentsubmission_grade.py first seen with mtime 1623816352.5222309
File C:\Users\Aniket\Envs\inhouse\Lib\site-packages\django\contrib\sessions\backends\db.py first seen with mtime 1620106886.0867386
File C:\Users\Aniket\Envs\inhouse\Lib\site-packages\django\contrib\sessions\backends\db.py first seen with mtime 1620106886.0867386
File C:\Users\Aniket\Envs\inhouse\Lib\site-packages\django\contrib\auth\migrations\0007_alter_validators_add_error_messages.py first seen with mtime 1620106880.6882613
File C:\Users\Aniket\Envs\inhouse\Lib\site-packages\django\contrib\auth\migrations\0007_alter_validators_add_error_messages.py first seen with mtime 1620106880.6882613
File C:\Users\Aniket\Envs\inhouse\Lib\site-packages\django\middleware\common.py first seen with mtime 1620106888.449651
File C:\Users\Aniket\Envs\inhouse\Lib\site-packages\django\middleware\common.py first seen with mtime 1620106888.449651
File D:\Important Data\inhouse\its\migrations\__init__.py first seen with mtime 1622014295.6395328
File D:\Important Data\inhouse\its\migrations\__init__.py first seen with mtime 1622014295.6395328
File C:\Users\Aniket\Envs\inhouse\Lib\site-packages\rest_framework\authtoken\migrations\0003_tokenproxy.py first seen with mtime 1619966737.4105182
File C:\Users\Aniket\Envs\inhouse\Lib\site-packages\rest_framework\authtoken\migrations\0003_tokenproxy.py first seen with mtime 1619966737.4105182
File C:\Users\Aniket\Envs\inhouse\Lib\site-packages\django\core\cache\backends\locmem.py first seen with mtime 1620106887.5221279
File C:\Users\Aniket\Envs\inhouse\Lib\site-packages\django\core\cache\backends\locmem.py first seen with mtime 1620106887.5221279
File D:\Important Data\inhouse\academics\migrations\0024_auto_20210616_1307.py first seen with mtime 1623829059.6918252
File D:\Important Data\inhouse\academics\migrations\0024_auto_20210616_1307.py first seen with mtime 1623829059.6918252
File D:\Important Data\inhouse\academics\migrations\0010_alter_lectures_taughtby.py first seen with mtime 1622015223.2802894
File D:\Important Data\inhouse\academics\migrations\0010_alter_lectures_taughtby.py first seen with mtime 1622015223.2802894
File C:\Users\Aniket\Envs\inhouse\Lib\site-packages\django\contrib\auth\migrations\0011_update_proxy_permissions.py first seen with mtime 1620106880.6962554
File C:\Users\Aniket\Envs\inhouse\Lib\site-packages\django\contrib\auth\migrations\0011_update_proxy_permissions.py first seen with mtime 1620106880.6962554
File D:\Important Data\inhouse\academics\migrations\0016_rename_lecture_quizinfo_subject.py first seen with mtime 1622121810.565856
File D:\Important Data\inhouse\academics\migrations\0016_rename_lecture_quizinfo_subject.py first seen with mtime 1622121810.565856
File C:\Users\Aniket\Envs\inhouse\Lib\site-packages\django\contrib\auth\migrations\0004_alter_user_username_opts.py first seen with mtime 1620106880.6802661
File C:\Users\Aniket\Envs\inhouse\Lib\site-packages\django\contrib\auth\migrations\0004_alter_user_username_opts.py first seen with mtime 1620106880.6802661
File D:\Important Data\inhouse\academics\migrations\0008_remove_lectures_lasttaughtby.py first seen with mtime 1622014295.3921359
File D:\Important Data\inhouse\academics\migrations\0008_remove_lectures_lasttaughtby.py first seen with mtime 1622014295.3921359
Using proactor: IocpProactor
Watching for file changes with StatReloader
Watching for file changes with StatReloader
Waiting for apps ready_event.
Waiting for apps ready_event.
Apps ready_event triggered. Sending autoreload_started signal.
Apps ready_event triggered. Sending autoreload_started signal.
Watching dir C:\Users\Aniket\Envs\inhouse\lib\site-packages\rest_framework\templates with glob **/*.
Watching dir C:\Users\Aniket\Envs\inhouse\lib\site-packages\rest_framework\templates with glob **/*.
Watching dir D:\Important Data\inhouse\templates with glob **/*.
Watching dir D:\Important Data\inhouse\templates with glob **/*.
Watching dir D:\Important Data\inhouse\locale with glob **/*.mo.
Watching dir D:\Important Data\inhouse\locale with glob **/*.mo.
Watching dir D:\Important Data\inhouse\academics\locale with glob **/*.mo.
Watching dir D:\Important Data\inhouse\academics\locale with glob **/*.mo.
Watching dir D:\Important Data\inhouse\its\locale with glob **/*.mo.
Watching dir D:\Important Data\inhouse\its\locale with glob **/*.mo.
Watching dir D:\Important Data\inhouse\api\locale with glob **/*.mo.
Watching dir D:\Important Data\inhouse\api\locale with glob **/*.mo.
Watching dir C:\Users\Aniket\Envs\inhouse\lib\site-packages\rest_framework\locale with glob **/*.mo.
Watching dir C:\Users\Aniket\Envs\inhouse\lib\site-packages\rest_framework\locale with glob **/*.mo.
Watching dir C:\Users\Aniket\Envs\inhouse\lib\site-packages\rest_framework\authtoken\locale with glob **/*.mo.
Watching dir C:\Users\Aniket\Envs\inhouse\lib\site-packages\rest_framework\authtoken\locale with glob **/*.mo.
(0.000) 
            SELECT name, type FROM sqlite_master
            WHERE type in ('table', 'view') AND NOT name='sqlite_sequence'
            ORDER BY name; args=None
(0.000) 
            SELECT name, type FROM sqlite_master
            WHERE type in ('table', 'view') AND NOT name='sqlite_sequence'
            ORDER BY name; args=None
(0.000) SELECT "django_migrations"."id", "django_migrations"."app", "django_migrations"."name", "django_migrations"."applied" FROM "django_migrations"; args=()
(0.000) SELECT "django_migrations"."id", "django_migrations"."app", "django_migrations"."name", "django_migrations"."applied" FROM "django_migrations"; args=()
File C:\Users\Aniket\AppData\Local\Programs\Python\Python38\Lib\email\mime\text.py first seen with mtime 1608554218.0
File C:\Users\Aniket\AppData\Local\Programs\Python\Python38\Lib\email\mime\text.py first seen with mtime 1608554218.0
File C:\Users\Aniket\AppData\Local\Programs\Python\Python38\Lib\typing.py first seen with mtime 1608554220.0
File C:\Users\Aniket\AppData\Local\Programs\Python\Python38\Lib\typing.py first seen with mtime 1608554220.0
File C:\Users\Aniket\Envs\inhouse\Lib\site-packages\django\conf\urls\__init__.py first seen with mtime 1620106878.5144775
File C:\Users\Aniket\Envs\inhouse\Lib\site-packages\django\conf\urls\__init__.py first seen with mtime 1620106878.5144775
File C:\Users\Aniket\AppData\Local\Programs\Python\Python38\DLLs\_sqlite3.pyd first seen with mtime 1608554260.0
File C:\Users\Aniket\AppData\Local\Programs\Python\Python38\DLLs\_sqlite3.pyd first seen with mtime 1608554260.0
File C:\Users\Aniket\Envs\inhouse\Lib\site-packages\django\contrib\contenttypes\checks.py first seen with mtime 1620106880.7152455
File C:\Users\Aniket\Envs\inhouse\Lib\site-packages\django\contrib\contenttypes\checks.py first seen with mtime 1620106880.7152455
File C:\Users\Aniket\Envs\inhouse\Lib\site-packages\django\http\request.py first seen with mtime 1620106888.427433
File C:\Users\Aniket\Envs\inhouse\Lib\site-packages\django\http\request.py first seen with mtime 1620106888.427433
File C:\Users\Aniket\Envs\inhouse\Lib\site-packages\django\urls\exceptions.py first seen with mtime 1620106888.6118042
File C:\Users\Aniket\Envs\inhouse\Lib\site-packages\django\urls\exceptions.py first seen with mtime 1620106888.6118042
File C:\Users\Aniket\Envs\inhouse\Lib\site-packages\django\conf\global_settings.py first seen with mtime 1620106877.9832625
File C:\Users\Aniket\Envs\inhouse\Lib\site-packages\django\conf\global_settings.py first seen with mtime 1620106877.9832625
File C:\Users\Aniket\Envs\inhouse\Lib\site-packages\rest_framework\utils\serializer_helpers.py first seen with mtime 1619966737.9261093
File C:\Users\Aniket\Envs\inhouse\Lib\site-packages\rest_framework\utils\serializer_helpers.py first seen with mtime 1619966737.9261093
File C:\Users\Aniket\Envs\inhouse\Lib\site-packages\django\forms\widgets.py first seen with mtime 1620106888.2528656
File C:\Users\Aniket\Envs\inhouse\Lib\site-packages\django\forms\widgets.py first seen with mtime 1620106888.2528656
File C:\Users\Aniket\Envs\inhouse\Lib\site-packages\rest_framework\decorators.py first seen with mtime 1619966737.3480284
File C:\Users\Aniket\Envs\inhouse\Lib\site-packages\rest_framework\decorators.py first seen with mtime 1619966737.3480284
File C:\Users\Aniket\AppData\Local\Programs\Python\Python38\Lib\asyncio\transports.py first seen with mtime 1608554218.0
File C:\Users\Aniket\AppData\Local\Programs\Python\Python38\Lib\asyncio\transports.py first seen with mtime 1608554218.0
File C:\Users\Aniket\AppData\Local\Programs\Python\Python38\Lib\json\decoder.py first seen with mtime 1608554218.0
File C:\Users\Aniket\AppData\Local\Programs\Python\Python38\Lib\json\decoder.py first seen with mtime 1608554218.0
File C:\Users\Aniket\Envs\inhouse\Lib\site-packages\django\contrib\postgres\fields\jsonb.py first seen with mtime 1620106884.8523722
File C:\Users\Aniket\Envs\inhouse\Lib\site-packages\django\contrib\postgres\fields\jsonb.py first seen with mtime 1620106884.8523722
File C:\Users\Aniket\AppData\Local\Programs\Python\Python38\Lib\ctypes\__init__.py first seen with mtime 1608554218.0
File C:\Users\Aniket\AppData\Local\Programs\Python\Python38\Lib\ctypes\__init__.py first seen with mtime 1608554218.0
File C:\Users\Aniket\AppData\Local\Programs\Python\Python38\Lib\heapq.py first seen with mtime 1608554218.0
File C:\Users\Aniket\AppData\Local\Programs\Python\Python38\Lib\heapq.py first seen with mtime 1608554218.0
File C:\Users\Aniket\Envs\inhouse\Lib\site-packages\django\core\management\__init__.py first seen with mtime 1620106887.5863042
File C:\Users\Aniket\Envs\inhouse\Lib\site-packages\django\core\management\__init__.py first seen with mtime 1620106887.5863042
File C:\Users\Aniket\Envs\inhouse\Lib\site-packages\django\contrib\sites\shortcuts.py first seen with mtime 1620106886.8602984
File C:\Users\Aniket\Envs\inhouse\Lib\site-packages\django\contrib\sites\shortcuts.py first seen with mtime 1620106886.8602984
File C:\Users\Aniket\Envs\inhouse\Lib\site-packages\django\contrib\postgres\forms\ranges.py first seen with mtime 1620106884.8693511
File C:\Users\Aniket\Envs\inhouse\Lib\site-packages\django\contrib\postgres\forms\ranges.py first seen with mtime 1620106884.8693511
File C:\Users\Aniket\Envs\inhouse\Lib\site-packages\django\contrib\postgres\validators.py first seen with mtime 1620106884.8253605
File C:\Users\Aniket\Envs\inhouse\Lib\site-packages\django\contrib\postgres\validators.py first seen with mtime 1620106884.8253605
File C:\Users\Aniket\Envs\inhouse\Lib\site-packages\django\template\loader.py first seen with mtime 1620106888.5021944
File C:\Users\Aniket\Envs\inhouse\Lib\site-packages\django\template\loader.py first seen with mtime 1620106888.5021944
File C:\Users\Aniket\Envs\inhouse\Lib\site-packages\pytz\__init__.py first seen with mtime 1619966686.1348443
File C:\Users\Aniket\Envs\inhouse\Lib\site-packages\pytz\__init__.py first seen with mtime 1619966686.1348443
File C:\Users\Aniket\Envs\inhouse\Lib\site-packages\rest_framework\utils\humanize_datetime.py first seen with mtime 1619966737.9261093
File C:\Users\Aniket\Envs\inhouse\Lib\site-packages\rest_framework\utils\humanize_datetime.py first seen with mtime 1619966737.9261093
File C:\Users\Aniket\AppData\Local\Programs\Python\Python38\DLLs\_queue.pyd first seen with mtime 1608554260.0
File C:\Users\Aniket\AppData\Local\Programs\Python\Python38\DLLs\_queue.pyd first seen with mtime 1608554260.0
File C:\Users\Aniket\AppData\Local\Programs\Python\Python38\Lib\selectors.py first seen with mtime 1608554218.0
File C:\Users\Aniket\AppData\Local\Programs\Python\Python38\Lib\selectors.py first seen with mtime 1608554218.0
File C:\Users\Aniket\Envs\inhouse\Lib\site-packages\django\test\client.py first seen with mtime 1620106888.5666642
File C:\Users\Aniket\Envs\inhouse\Lib\site-packages\django\test\client.py first seen with mtime 1620106888.5666642
File C:\Users\Aniket\Envs\inhouse\Lib\site-packages\django\db\backends\sqlite3\schema.py first seen with mtime 1620106887.7738094
File C:\Users\Aniket\Envs\inhouse\Lib\site-packages\django\db\backends\sqlite3\schema.py first seen with mtime 1620106887.7738094
File C:\Users\Aniket\Envs\inhouse\Lib\site-packages\django\test\__init__.py first seen with mtime 1620106888.5631635
File C:\Users\Aniket\Envs\inhouse\Lib\site-packages\django\test\__init__.py first seen with mtime 1620106888.5631635
File C:\Users\Aniket\Envs\inhouse\Lib\site-packages\rest_framework\schemas\inspectors.py first seen with mtime 1619966737.5667596
File C:\Users\Aniket\Envs\inhouse\Lib\site-packages\rest_framework\schemas\inspectors.py first seen with mtime 1619966737.5667596
File C:\Users\Aniket\AppData\Local\Programs\Python\Python38\Lib\email\mime\multipart.py first seen with mtime 1608554218.0
File C:\Users\Aniket\AppData\Local\Programs\Python\Python38\Lib\email\mime\multipart.py first seen with mtime 1608554218.0
File C:\Users\Aniket\Envs\inhouse\Lib\site-packages\django\utils\cache.py first seen with mtime 1620106888.6327927
File C:\Users\Aniket\Envs\inhouse\Lib\site-packages\django\utils\cache.py first seen with mtime 1620106888.6327927
File C:\Users\Aniket\Envs\inhouse\Lib\site-packages\django\contrib\admin\views\decorators.py first seen with mtime 1620106879.514403
File C:\Users\Aniket\Envs\inhouse\Lib\site-packages\django\contrib\admin\views\decorators.py first seen with mtime 1620106879.514403
File C:\Users\Aniket\AppData\Local\Programs\Python\Python38\Lib\ntpath.py first seen with mtime 1608554218.0
File C:\Users\Aniket\AppData\Local\Programs\Python\Python38\Lib\ntpath.py first seen with mtime 1608554218.0
File C:\Users\Aniket\Envs\inhouse\Lib\site-packages\django\contrib\auth\middleware.py first seen with mtime 1620106880.0078614
File C:\Users\Aniket\Envs\inhouse\Lib\site-packages\django\contrib\auth\middleware.py first seen with mtime 1620106880.0078614
File C:\Users\Aniket\AppData\Local\Programs\Python\Python38\DLLs\_overlapped.pyd first seen with mtime 1608554260.0
File C:\Users\Aniket\AppData\Local\Programs\Python\Python38\DLLs\_overlapped.pyd first seen with mtime 1608554260.0
File C:\Users\Aniket\Envs\inhouse\Lib\site-packages\django\utils\ipv6.py first seen with mtime 1620106888.7197592
File C:\Users\Aniket\Envs\inhouse\Lib\site-packages\django\utils\ipv6.py first seen with mtime 1620106888.7197592
File C:\Users\Aniket\Envs\inhouse\Lib\site-packages\pytz\tzfile.py first seen with mtime 1619966686.1348443
File C:\Users\Aniket\Envs\inhouse\Lib\site-packages\pytz\tzfile.py first seen with mtime 1619966686.1348443
File C:\Users\Aniket\AppData\Local\Programs\Python\Python38\Lib\nturl2path.py first seen with mtime 1608554218.0
File C:\Users\Aniket\AppData\Local\Programs\Python\Python38\Lib\nturl2path.py first seen with mtime 1608554218.0
File C:\Users\Aniket\Envs\inhouse\Lib\site-packages\django\core\checks\model_checks.py first seen with mtime 1620106887.5332367
File C:\Users\Aniket\Envs\inhouse\Lib\site-packages\django\core\checks\model_checks.py first seen with mtime 1620106887.5332367
File C:\Users\Aniket\Envs\inhouse\Lib\site-packages\django\utils\module_loading.py first seen with mtime 1620106888.7297533
File C:\Users\Aniket\Envs\inhouse\Lib\site-packages\django\utils\module_loading.py first seen with mtime 1620106888.7297533
File C:\Users\Aniket\Envs\inhouse\Lib\site-packages\django\db\models\fields\reverse_related.py first seen with mtime 1620106888.0497563
File C:\Users\Aniket\Envs\inhouse\Lib\site-packages\django\db\models\fields\reverse_related.py first seen with mtime 1620106888.0497563
File C:\Users\Aniket\Envs\inhouse\Lib\site-packages\django\db\migrations\operations\special.py first seen with mtime 1620106887.8443394
File C:\Users\Aniket\Envs\inhouse\Lib\site-packages\django\db\migrations\operations\special.py first seen with mtime 1620106887.8443394
File C:\Users\Aniket\Envs\inhouse\Lib\site-packages\django\db\backends\sqlite3\__init__.py first seen with mtime 1620106887.758167
File C:\Users\Aniket\Envs\inhouse\Lib\site-packages\django\db\backends\sqlite3\__init__.py first seen with mtime 1620106887.758167
File C:\Users\Aniket\Envs\inhouse\Lib\site-packages\django\utils\functional.py first seen with mtime 1620106888.6877751
File C:\Users\Aniket\Envs\inhouse\Lib\site-packages\django\utils\functional.py first seen with mtime 1620106888.6877751
File C:\Users\Aniket\Envs\inhouse\Lib\site-packages\rest_framework\utils\field_mapping.py first seen with mtime 1619966737.9104865
File C:\Users\Aniket\Envs\inhouse\Lib\site-packages\rest_framework\utils\field_mapping.py first seen with mtime 1619966737.9104865
File C:\Users\Aniket\AppData\Local\Programs\Python\Python38\Lib\asyncio\coroutines.py first seen with mtime 1608554218.0
File C:\Users\Aniket\AppData\Local\Programs\Python\Python38\Lib\asyncio\coroutines.py first seen with mtime 1608554218.0
File C:\Users\Aniket\Envs\inhouse\Lib\site-packages\django\utils\termcolors.py first seen with mtime 1620106888.7417488
File C:\Users\Aniket\Envs\inhouse\Lib\site-packages\django\utils\termcolors.py first seen with mtime 1620106888.7417488
File C:\Users\Aniket\Envs\inhouse\Lib\site-packages\django\db\models\fields\related.py first seen with mtime 1620106888.0457716
File C:\Users\Aniket\Envs\inhouse\Lib\site-packages\django\db\models\fields\related.py first seen with mtime 1620106888.0457716
File C:\Users\Aniket\AppData\Local\Programs\Python\Python38\Lib\asyncio\futures.py first seen with mtime 1608554218.0
File C:\Users\Aniket\AppData\Local\Programs\Python\Python38\Lib\asyncio\futures.py first seen with mtime 1608554218.0
File C:\Users\Aniket\Envs\inhouse\Lib\site-packages\sqlparse\filters\__init__.py first seen with mtime 1619966685.1036668
File C:\Users\Aniket\Envs\inhouse\Lib\site-packages\sqlparse\filters\__init__.py first seen with mtime 1619966685.1036668
File C:\Users\Aniket\Envs\inhouse\Lib\site-packages\rest_framework\checks.py first seen with mtime 1619966737.3324032
File C:\Users\Aniket\Envs\inhouse\Lib\site-packages\rest_framework\checks.py first seen with mtime 1619966737.3324032
File C:\Users\Aniket\Envs\inhouse\Lib\site-packages\psycopg2\extensions.py first seen with mtime 1621414921.7166362
File C:\Users\Aniket\Envs\inhouse\Lib\site-packages\psycopg2\extensions.py first seen with mtime 1621414921.7166362
File C:\Users\Aniket\AppData\Local\Programs\Python\Python38\Lib\decimal.py first seen with mtime 1608554218.0
